2016-11-28 at 16:21:07 CST INFO  org.elasticsearch.plugins.PluginsService 220 logPluginInfo - no modules loaded
2016-11-28 at 16:21:07 CST INFO  org.elasticsearch.plugins.PluginsService 223 logPluginInfo - loaded plugin [org.elasticsearch.index.reindex.ReindexPlugin]
2016-11-28 at 16:21:07 CST INFO  org.elasticsearch.plugins.PluginsService 223 logPluginInfo - loaded plugin [org.elasticsearch.percolator.PercolatorPlugin]
2016-11-28 at 16:21:07 CST INFO  org.elasticsearch.plugins.PluginsService 223 logPluginInfo - loaded plugin [org.elasticsearch.script.mustache.MustachePlugin]
2016-11-28 at 16:21:07 CST INFO  org.elasticsearch.plugins.PluginsService 223 logPluginInfo - loaded plugin [org.elasticsearch.transport.Netty3Plugin]
2016-11-28 at 16:21:07 CST INFO  org.elasticsearch.plugins.PluginsService 223 logPluginInfo - loaded plugin [org.elasticsearch.transport.Netty4Plugin]
2016-11-28 at 16:21:10 CST INFO  org.elasticsearch.plugins.PluginsService 220 logPluginInfo - no modules loaded
2016-11-28 at 16:21:10 CST INFO  org.elasticsearch.plugins.PluginsService 223 logPluginInfo - loaded plugin [org.elasticsearch.index.reindex.ReindexPlugin]
2016-11-28 at 16:21:10 CST INFO  org.elasticsearch.plugins.PluginsService 223 logPluginInfo - loaded plugin [org.elasticsearch.percolator.PercolatorPlugin]
2016-11-28 at 16:21:10 CST INFO  org.elasticsearch.plugins.PluginsService 223 logPluginInfo - loaded plugin [org.elasticsearch.script.mustache.MustachePlugin]
2016-11-28 at 16:21:10 CST INFO  org.elasticsearch.plugins.PluginsService 223 logPluginInfo - loaded plugin [org.elasticsearch.transport.Netty3Plugin]
2016-11-28 at 16:21:10 CST INFO  org.elasticsearch.plugins.PluginsService 223 logPluginInfo - loaded plugin [org.elasticsearch.transport.Netty4Plugin]
2016-11-28 at 16:21:16 CST INFO  org.elasticsearch.plugins.PluginsService 220 logPluginInfo - no modules loaded
2016-11-28 at 16:21:16 CST INFO  org.elasticsearch.plugins.PluginsService 223 logPluginInfo - loaded plugin [org.elasticsearch.index.reindex.ReindexPlugin]
2016-11-28 at 16:21:16 CST INFO  org.elasticsearch.plugins.PluginsService 223 logPluginInfo - loaded plugin [org.elasticsearch.percolator.PercolatorPlugin]
2016-11-28 at 16:21:16 CST INFO  org.elasticsearch.plugins.PluginsService 223 logPluginInfo - loaded plugin [org.elasticsearch.script.mustache.MustachePlugin]
2016-11-28 at 16:21:16 CST INFO  org.elasticsearch.plugins.PluginsService 223 logPluginInfo - loaded plugin [org.elasticsearch.transport.Netty3Plugin]
2016-11-28 at 16:21:16 CST INFO  org.elasticsearch.plugins.PluginsService 223 logPluginInfo - loaded plugin [org.elasticsearch.transport.Netty4Plugin]
2016-11-28 at 16:21:17 CST INFO  org.elasticsearch.plugins.PluginsService 220 logPluginInfo - no modules loaded
2016-11-28 at 16:21:17 CST INFO  org.elasticsearch.plugins.PluginsService 223 logPluginInfo - loaded plugin [org.elasticsearch.index.reindex.ReindexPlugin]
2016-11-28 at 16:21:17 CST INFO  org.elasticsearch.plugins.PluginsService 223 logPluginInfo - loaded plugin [org.elasticsearch.percolator.PercolatorPlugin]
2016-11-28 at 16:21:17 CST INFO  org.elasticsearch.plugins.PluginsService 223 logPluginInfo - loaded plugin [org.elasticsearch.script.mustache.MustachePlugin]
2016-11-28 at 16:21:17 CST INFO  org.elasticsearch.plugins.PluginsService 223 logPluginInfo - loaded plugin [org.elasticsearch.transport.Netty3Plugin]
2016-11-28 at 16:21:17 CST INFO  org.elasticsearch.plugins.PluginsService 223 logPluginInfo - loaded plugin [org.elasticsearch.transport.Netty4Plugin]
2016-11-28 at 16:23:28 CST INFO  org.elasticsearch.plugins.PluginsService 220 logPluginInfo - no modules loaded
2016-11-28 at 16:23:28 CST INFO  org.elasticsearch.plugins.PluginsService 223 logPluginInfo - loaded plugin [org.elasticsearch.index.reindex.ReindexPlugin]
2016-11-28 at 16:23:28 CST INFO  org.elasticsearch.plugins.PluginsService 223 logPluginInfo - loaded plugin [org.elasticsearch.percolator.PercolatorPlugin]
2016-11-28 at 16:23:28 CST INFO  org.elasticsearch.plugins.PluginsService 223 logPluginInfo - loaded plugin [org.elasticsearch.script.mustache.MustachePlugin]
2016-11-28 at 16:23:28 CST INFO  org.elasticsearch.plugins.PluginsService 223 logPluginInfo - loaded plugin [org.elasticsearch.transport.Netty3Plugin]
2016-11-28 at 16:23:28 CST INFO  org.elasticsearch.plugins.PluginsService 223 logPluginInfo - loaded plugin [org.elasticsearch.transport.Netty4Plugin]
2016-11-28 at 16:28:07 CST INFO  org.elasticsearch.plugins.PluginsService 220 logPluginInfo - no modules loaded
2016-11-28 at 16:28:07 CST INFO  org.elasticsearch.plugins.PluginsService 223 logPluginInfo - loaded plugin [org.elasticsearch.index.reindex.ReindexPlugin]
2016-11-28 at 16:28:07 CST INFO  org.elasticsearch.plugins.PluginsService 223 logPluginInfo - loaded plugin [org.elasticsearch.percolator.PercolatorPlugin]
2016-11-28 at 16:28:07 CST INFO  org.elasticsearch.plugins.PluginsService 223 logPluginInfo - loaded plugin [org.elasticsearch.script.mustache.MustachePlugin]
2016-11-28 at 16:28:07 CST INFO  org.elasticsearch.plugins.PluginsService 223 logPluginInfo - loaded plugin [org.elasticsearch.transport.Netty3Plugin]
2016-11-28 at 16:28:07 CST INFO  org.elasticsearch.plugins.PluginsService 223 logPluginInfo - loaded plugin [org.elasticsearch.transport.Netty4Plugin]
2016-11-28 at 16:29:49 CST INFO  org.elasticsearch.plugins.PluginsService 220 logPluginInfo - no modules loaded
2016-11-28 at 16:29:49 CST INFO  org.elasticsearch.plugins.PluginsService 223 logPluginInfo - loaded plugin [org.elasticsearch.index.reindex.ReindexPlugin]
2016-11-28 at 16:29:49 CST INFO  org.elasticsearch.plugins.PluginsService 223 logPluginInfo - loaded plugin [org.elasticsearch.percolator.PercolatorPlugin]
2016-11-28 at 16:29:49 CST INFO  org.elasticsearch.plugins.PluginsService 223 logPluginInfo - loaded plugin [org.elasticsearch.script.mustache.MustachePlugin]
2016-11-28 at 16:29:49 CST INFO  org.elasticsearch.plugins.PluginsService 223 logPluginInfo - loaded plugin [org.elasticsearch.transport.Netty3Plugin]
2016-11-28 at 16:29:49 CST INFO  org.elasticsearch.plugins.PluginsService 223 logPluginInfo - loaded plugin [org.elasticsearch.transport.Netty4Plugin]
2016-11-28 at 16:31:44 CST WARN  org.elasticsearch.transport.TransportService$Adapter 739 checkForTimeout - Received response for a request that has timed out, sent [102539ms] ago, timed out [43ms] ago, action [cluster:monitor/state], node [{#transport#-1}{VHsj_KciRj2qF2BL-RZufA}{192.168.99.140}{192.168.99.140:9300}], id [9]
2016-11-28 at 16:33:10 CST WARN  org.elasticsearch.transport.TransportService$Adapter 739 checkForTimeout - Received response for a request that has timed out, sent [189200ms] ago, timed out [86668ms] ago, action [cluster:monitor/state], node [{es140}{xFNGrEIPQUS_8xdQyWOhRg}{cir0KjF8Qiis65dw_DBsLA}{192.168.99.140}{192.168.99.140:9300}], id [8]
2016-11-28 at 16:34:15 CST INFO  org.elasticsearch.client.transport.TransportClientNodesService$SniffNodesSampler$1$1 490 handleException - failed to get local cluster state for {es140}{xFNGrEIPQUS_8xdQyWOhRg}{cir0KjF8Qiis65dw_DBsLA}{192.168.99.140}{192.168.99.140:9300}, disconnecting... org.elasticsearch.transport.ReceiveTimeoutTransportException: [es140][192.168.99.140:9300][cluster:monitor/state] request_id [8] timed out after [102532ms]
	at org.elasticsearch.transport.TransportService$TimeoutHandler.run(TransportService.java:840) [elasticsearch-5.0.0.jar:5.0.0]
	at org.elasticsearch.common.util.concurrent.ThreadContext$ContextPreservingRunnable.run(ThreadContext.java:444) [elasticsearch-5.0.0.jar:5.0.0]
	at java.util.concurrent.ThreadPoolExecutor.runWorker(ThreadPoolExecutor.java:1142) [?:1.8.0_112]
	at java.util.concurrent.ThreadPoolExecutor$Worker.run(ThreadPoolExecutor.java:617) [?:1.8.0_112]
	at java.lang.Thread.run(Thread.java:745) [?:1.8.0_112]

2016-11-28 at 16:34:15 CST INFO  org.elasticsearch.client.transport.TransportClientNodesService$SniffNodesSampler$1$1 490 handleException - failed to get local cluster state for {#transport#-1}{VHsj_KciRj2qF2BL-RZufA}{192.168.99.140}{192.168.99.140:9300}, disconnecting... org.elasticsearch.transport.ReceiveTimeoutTransportException: [][192.168.99.140:9300][cluster:monitor/state] request_id [9] timed out after [102496ms]
	at org.elasticsearch.transport.TransportService$TimeoutHandler.run(TransportService.java:840) [elasticsearch-5.0.0.jar:5.0.0]
	at org.elasticsearch.common.util.concurrent.ThreadContext$ContextPreservingRunnable.run(ThreadContext.java:444) [elasticsearch-5.0.0.jar:5.0.0]
	at java.util.concurrent.ThreadPoolExecutor.runWorker(ThreadPoolExecutor.java:1142) [?:1.8.0_112]
	at java.util.concurrent.ThreadPoolExecutor$Worker.run(ThreadPoolExecutor.java:617) [?:1.8.0_112]
	at java.lang.Thread.run(Thread.java:745) [?:1.8.0_112]

2016-11-28 at 16:35:57 CST INFO  org.elasticsearch.plugins.PluginsService 220 logPluginInfo - no modules loaded
2016-11-28 at 16:35:57 CST INFO  org.elasticsearch.plugins.PluginsService 223 logPluginInfo - loaded plugin [org.elasticsearch.index.reindex.ReindexPlugin]
2016-11-28 at 16:35:57 CST INFO  org.elasticsearch.plugins.PluginsService 223 logPluginInfo - loaded plugin [org.elasticsearch.percolator.PercolatorPlugin]
2016-11-28 at 16:35:57 CST INFO  org.elasticsearch.plugins.PluginsService 223 logPluginInfo - loaded plugin [org.elasticsearch.script.mustache.MustachePlugin]
2016-11-28 at 16:35:57 CST INFO  org.elasticsearch.plugins.PluginsService 223 logPluginInfo - loaded plugin [org.elasticsearch.transport.Netty3Plugin]
2016-11-28 at 16:35:57 CST INFO  org.elasticsearch.plugins.PluginsService 223 logPluginInfo - loaded plugin [org.elasticsearch.transport.Netty4Plugin]
2016-11-28 at 16:37:18 CST INFO  org.elasticsearch.plugins.PluginsService 220 logPluginInfo - no modules loaded
2016-11-28 at 16:37:18 CST INFO  org.elasticsearch.plugins.PluginsService 223 logPluginInfo - loaded plugin [org.elasticsearch.index.reindex.ReindexPlugin]
2016-11-28 at 16:37:18 CST INFO  org.elasticsearch.plugins.PluginsService 223 logPluginInfo - loaded plugin [org.elasticsearch.percolator.PercolatorPlugin]
2016-11-28 at 16:37:18 CST INFO  org.elasticsearch.plugins.PluginsService 223 logPluginInfo - loaded plugin [org.elasticsearch.script.mustache.MustachePlugin]
2016-11-28 at 16:37:18 CST INFO  org.elasticsearch.plugins.PluginsService 223 logPluginInfo - loaded plugin [org.elasticsearch.transport.Netty3Plugin]
2016-11-28 at 16:37:18 CST INFO  org.elasticsearch.plugins.PluginsService 223 logPluginInfo - loaded plugin [org.elasticsearch.transport.Netty4Plugin]
2016-11-28 at 16:39:01 CST INFO  org.elasticsearch.plugins.PluginsService 220 logPluginInfo - no modules loaded
2016-11-28 at 16:39:01 CST INFO  org.elasticsearch.plugins.PluginsService 223 logPluginInfo - loaded plugin [org.elasticsearch.index.reindex.ReindexPlugin]
2016-11-28 at 16:39:01 CST INFO  org.elasticsearch.plugins.PluginsService 223 logPluginInfo - loaded plugin [org.elasticsearch.percolator.PercolatorPlugin]
2016-11-28 at 16:39:01 CST INFO  org.elasticsearch.plugins.PluginsService 223 logPluginInfo - loaded plugin [org.elasticsearch.script.mustache.MustachePlugin]
2016-11-28 at 16:39:01 CST INFO  org.elasticsearch.plugins.PluginsService 223 logPluginInfo - loaded plugin [org.elasticsearch.transport.Netty3Plugin]
2016-11-28 at 16:39:01 CST INFO  org.elasticsearch.plugins.PluginsService 223 logPluginInfo - loaded plugin [org.elasticsearch.transport.Netty4Plugin]
